-------------------------------------------------------------------------------
Test set: ed.inf.adbs.lightdb.LightDBTest
-------------------------------------------------------------------------------
Tests run: 1, Failures: 1, Errors: 0, Skipped: 0, Time elapsed: 0.187 s <<< FAILURE! - in ed.inf.adbs.lightdb.LightDBTest
query6(ed.inf.adbs.lightdb.LightDBTest)  Time elapsed: 0.134 s  <<< FAILURE!
org.junit.ComparisonFailure: 
expected:<[1, 200, 50, 2, 200, 200
1, 200, 50, 3, 100, 105
1, 200, 50, 4, 100, 50
1, 200, 50, 5, 100, 500
1, 200, 50, 6, 300, 400
2, 200, 200, 3, 100, 105
2, 200, 200, 4, 100, 50
2, 200, 200, 5, 100, 500
2, 200, 200, 6, 300, 400
3, 100, 105, 4, 100, 50
3, 100, 105, 5, 100, 500
3, 100, 105, 6, 300, 400
4, 100, 50, 5, 100, 500
4, 100, 50, 6, 300, 400
5, 100, 500, 6, 300, 400
]> but was:<[]>
	at ed.inf.adbs.lightdb.LightDBTest.query6(LightDBTest.java:99)

