<?xml version="1.0" encoding="UTF-8"?>
<testsuite xmlns:xsi="http://www.w3.org/2001/XMLSchema-instance" xsi:noNamespaceSchemaLocation="https://maven.apache.org/surefire/maven-surefire-plugin/xsd/surefire-test-report.xsd" name="ed.inf.adbs.lightdb.LightDBTest" time="0.138" tests="1" errors="0" skipped="0" failures="1">
  <properties>
[...]
</properties>
  <testcase name="query9" classname="ed.inf.adbs.lightdb.LightDBTest" time="0.098">
    <failure message="expected:&lt;[101, 5&#10;102, 10&#10;103, 1&#10;104, 16&#10;]&gt; but was:&lt;[]&gt;" type="org.junit.ComparisonFailure"><![CDATA[org.junit.ComparisonFailure: 
expected:<[101, 5
102, 10
103, 1
104, 16
]> but was:<[]>
	at ed.inf.adbs.lightdb.LightDBTest.query9(LightDBTest.java:141)
]]></failure>
    <system-out><![CDATA[&amp#27;[35m########## QUERY 9 ##########&amp#27;[0m
true
true
true
true
true
true
]]></system-out>
  </testcase>
</testsuite>