<?xml version="1.0" encoding="UTF-8"?>
<testsuite xmlns:xsi="http://www.w3.org/2001/XMLSchema-instance" xsi:noNamespaceSchemaLocation="https://maven.apache.org/surefire/maven-surefire-plugin/xsd/surefire-test-report.xsd" name="ed.inf.adbs.lightdb.LightDBTest" time="0.233" tests="12" errors="0" skipped="0" failures="2">
  <properties>
[...]
</properties>
  <testcase name="query1" classname="ed.inf.adbs.lightdb.LightDBTest" time="0.086"/>
  <testcase name="query2" classname="ed.inf.adbs.lightdb.LightDBTest" time="0.004"/>
  <testcase name="query3" classname="ed.inf.adbs.lightdb.LightDBTest" time="0.006"/>
  <testcase name="query4" classname="ed.inf.adbs.lightdb.LightDBTest" time="0.02"/>
  <testcase name="query5" classname="ed.inf.adbs.lightdb.LightDBTest" time="0.01"/>
  <testcase name="query6" classname="ed.inf.adbs.lightdb.LightDBTest" time="0.008"/>
  <testcase name="query7" classname="ed.inf.adbs.lightdb.LightDBTest" time="0.006"/>
  <testcase name="query8" classname="ed.inf.adbs.lightdb.LightDBTest" time="0.006"/>
  <testcase name="query9" classname="ed.inf.adbs.lightdb.LightDBTest" time="0.014">
    <failure message="expected:&lt;101, 5&#10;10[2, 10&#10;103, 1]&#10;104, 16&#10;&gt; but was:&lt;101, 5&#10;10[3, 1&#10;102, 10]&#10;104, 16&#10;&gt;" type="org.junit.ComparisonFailure"><![CDATA[org.junit.ComparisonFailure: 
expected:<101, 5
10[2, 10
103, 1]
104, 16
> but was:<101, 5
10[3, 1
102, 10]
104, 16
>
	at ed.inf.adbs.lightdb.LightDBTest.testQueries(LightDBTest.java:105)
	at ed.inf.adbs.lightdb.LightDBTest.query9(LightDBTest.java:67)
]]></failure>
    <system-out><![CDATA[&amp#27;[35m########## QUERY 9 ##########&amp#27;[0m
SUM OPERATOR CREATED
Key = 101, Value = [1, 101, 2, 101]
Key = 103, Value = [1, 103]
Key = 102, Value = [1, 102, 3, 102]
Key = 104, Value = [4, 104]
]]></system-out>
  </testcase>
  <testcase name="query10" classname="ed.inf.adbs.lightdb.LightDBTest" time="0.01">
    <failure message="expected:&lt;[3&#10;2&#10;1]&#10;&gt; but was:&lt;[2&#10;1&#10;3]&#10;&gt;" type="org.junit.ComparisonFailure"><![CDATA[org.junit.ComparisonFailure: 
expected:<[3
2
1]
> but was:<[2
1
3]
>
	at ed.inf.adbs.lightdb.LightDBTest.testQueries(LightDBTest.java:105)
	at ed.inf.adbs.lightdb.LightDBTest.query10(LightDBTest.java:81)
]]></failure>
    <system-out><![CDATA[&amp#27;[35m########## QUERY 10 ##########&amp#27;[0m
SUM OPERATOR CREATED
Key = 200, Value = [1, 200, 50, 2, 200, 200]
Key = 300, Value = [6, 300, 400]
Key = 100, Value = [3, 100, 105, 4, 100, 50, 5, 100, 500]
]]></system-out>
  </testcase>
  <testcase name="query11" classname="ed.inf.adbs.lightdb.LightDBTest" time="0.008"/>
  <testcase name="query12" classname="ed.inf.adbs.lightdb.LightDBTest" time="0.013"/>
</testsuite>